# JRE version: OpenJDK Runtime Environment (8.0_152-b01) (build 1.8.0_152-release-915-b01)
# Java VM: OpenJDK 64-Bit Server VM (25.152-b01 mixed mode windows-amd64 compressed oops)
Heap:
 PSYoungGen      total 82432K, used 2444K [0x00000000e0000000, 0x00000000e7500000, 0x0000000100000000)
  eden space 79872K, 0% used [0x00000000e0000000,0x00000000e0000000,0x00000000e4e00000)
  from space 2560K, 95% used [0x00000000e5080000,0x00000000e52e3150,0x00000000e5300000)
  to   space 19968K, 0% used [0x00000000e6180000,0x00000000e6180000,0x00000000e7500000)
 ParOldGen       total 115712K, used 107498K [0x00000000a0000000, 0x00000000a7100000, 0x00000000e0000000)
  object space 115712K, 92% used [0x00000000a0000000,0x00000000a68fab18,0x00000000a7100000)
 Metaspace       used 84106K, capacity 92570K, committed 92800K, reserved 1130496K
  class space    used 10666K, capacity 12663K, committed 12672K, reserved 1048576K
GC Heap History (10 events):
Event: 10128.648 GC heap after
Heap after GC invocations=114 (full 6):
 PSYoungGen      total 116736K, used 5756K [0x00000000e0000000, 0x00000000e8700000, 0x0000000100000000)
  eden space 95232K, 0% used [0x00000000e0000000,0x00000000e0000000,0x00000000e5d00000)
  from space 21504K, 26% used [0x00000000e7200000,0x00000000e779f190,0x00000000e8700000)
  to   space 21504K, 0% used [0x00000000e5d00000,0x00000000e5d00000,0x00000000e7200000)
 ParOldGen       total 115712K, used 106512K [0x00000000a0000000, 0x00000000a7100000, 0x00000000e0000000)
  object space 115712K, 92% used [0x00000000a0000000,0x00000000a68043a0,0x00000000a7100000)
 Metaspace       used 83894K, capacity 92078K, committed 92160K, reserved 1128448K
  class space    used 10632K, capacity 12543K, committed 12544K, reserved 1048576K
}
Event: 10197.732 GC heap before
{Heap before GC invocations=115 (full 6):
 PSYoungGen      total 116736K, used 100988K [0x00000000e0000000, 0x00000000e8700000, 0x0000000100000000)
  eden space 95232K, 100% used [0x00000000e0000000,0x00000000e5d00000,0x00000000e5d00000)
  from space 21504K, 26% used [0x00000000e7200000,0x00000000e779f190,0x00000000e8700000)
  to   space 21504K, 0% used [0x00000000e5d00000,0x00000000e5d00000,0x00000000e7200000)
 ParOldGen       total 115712K, used 106512K [0x00000000a0000000, 0x00000000a7100000, 0x00000000e0000000)
  object space 115712K, 92% used [0x00000000a0000000,0x00000000a68043a0,0x00000000a7100000)
 Metaspace       used 83948K, capacity 92198K, committed 92288K, reserved 1128448K
  class space    used 10644K, capacity 12583K, committed 12672K, reserved 1048576K
Event: 10197.759 GC heap after
Heap after GC invocations=115 (full 6):
 PSYoungGen      total 104448K, used 12672K [0x00000000e0000000, 0x00000000e8380000, 0x0000000100000000)
  eden space 91648K, 0% used [0x00000000e0000000,0x00000000e0000000,0x00000000e5980000)
  from space 12800K, 99% used [0x00000000e5d00000,0x00000000e6960040,0x00000000e6980000)
  to   space 21504K, 0% used [0x00000000e6e80000,0x00000000e6e80000,0x00000000e8380000)
 ParOldGen       total 115712K, used 106774K [0x00000000a0000000, 0x00000000a7100000, 0x00000000e0000000)
  object space 115712K, 92% used [0x00000000a0000000,0x00000000a6845b60,0x00000000a7100000)
 Metaspace       used 83948K, capacity 92198K, committed 92288K, reserved 1128448K
  class space    used 10644K, capacity 12583K, committed 12672K, reserved 1048576K
}
Event: 10202.528 GC heap before
{Heap before GC invocations=116 (full 6):
 PSYoungGen      total 104448K, used 103933K [0x00000000e0000000, 0x00000000e8380000, 0x0000000100000000)
  eden space 91648K, 99% used [0x00000000e0000000,0x00000000e591f430,0x00000000e5980000)
  from space 12800K, 99% used [0x00000000e5d00000,0x00000000e6960040,0x00000000e6980000)
  to   space 21504K, 0% used [0x00000000e6e80000,0x00000000e6e80000,0x00000000e8380000)
 ParOldGen       total 115712K, used 106774K [0x00000000a0000000, 0x00000000a7100000, 0x00000000e0000000)
  object space 115712K, 92% used [0x00000000a0000000,0x00000000a6845b60,0x00000000a7100000)
 Metaspace       used 83975K, capacity 92202K, committed 92544K, reserved 1128448K
  class space    used 10644K, capacity 12583K, committed 12672K, reserved 1048576K
Event: 10202.541 GC heap after
Heap after GC invocations=116 (full 6):
 PSYoungGen      total 105984K, used 6172K [0x00000000e0000000, 0x00000000e7f80000, 0x0000000100000000)
  eden space 88576K, 0% used [0x00000000e0000000,0x00000000e0000000,0x00000000e5680000)
  from space 17408K, 35% used [0x00000000e6e80000,0x00000000e7487160,0x00000000e7f80000)
  to   space 20992K, 0% used [0x00000000e5680000,0x00000000e5680000,0x00000000e6b00000)
 ParOldGen       total 115712K, used 107040K [0x00000000a0000000, 0x00000000a7100000, 0x00000000e0000000)
  object space 115712K, 92% used [0x00000000a0000000,0x00000000a6888330,0x00000000a7100000)
 Metaspace       used 83975K, capacity 92202K, committed 92544K, reserved 1128448K
  class space    used 10644K, capacity 12583K, committed 12672K, reserved 1048576K
}
Event: 10308.293 GC heap before
{Heap before GC invocations=117 (full 6):
 PSYoungGen      total 105984K, used 94748K [0x00000000e0000000, 0x00000000e7f80000, 0x0000000100000000)
  eden space 88576K, 100% used [0x00000000e0000000,0x00000000e5680000,0x00000000e5680000)
  from space 17408K, 35% used [0x00000000e6e80000,0x00000000e7487160,0x00000000e7f80000)
  to   space 20992K, 0% used [0x00000000e5680000,0x00000000e5680000,0x00000000e6b00000)
 ParOldGen       total 115712K, used 107040K [0x00000000a0000000, 0x00000000a7100000, 0x00000000e0000000)
  object space 115712K, 92% used [0x00000000a0000000,0x00000000a6888330,0x00000000a7100000)
 Metaspace       used 84041K, capacity 92322K, committed 92544K, reserved 1128448K
  class space    used 10655K, capacity 12623K, committed 12672K, reserved 1048576K
Event: 10308.313 GC heap after
Heap after GC invocations=117 (full 6):
 PSYoungGen      total 90112K, used 4572K [0x00000000e0000000, 0x00000000e7b80000, 0x0000000100000000)
  eden space 85504K, 0% used [0x00000000e0000000,0x00000000e0000000,0x00000000e5380000)
  from space 4608K, 99% used [0x00000000e5680000,0x00000000e5af7160,0x00000000e5b00000)
  to   space 20480K, 0% used [0x00000000e6780000,0x00000000e6780000,0x00000000e7b80000)
 ParOldGen       total 115712K, used 107450K [0x00000000a0000000, 0x00000000a7100000, 0x00000000e0000000)
  object space 115712K, 92% used [0x00000000a0000000,0x00000000a68eeb18,0x00000000a7100000)
 Metaspace       used 84041K, capacity 92322K, committed 92544K, reserved 1128448K
  class space    used 10655K, capacity 12623K, committed 12672K, reserved 1048576K
}
Event: 10311.585 GC heap before
{Heap before GC invocations=118 (full 6):
 PSYoungGen      total 90112K, used 90053K [0x00000000e0000000, 0x00000000e7b80000, 0x0000000100000000)
  eden space 85504K, 99% used [0x00000000e0000000,0x00000000e537a3e8,0x00000000e5380000)
  from space 4608K, 99% used [0x00000000e5680000,0x00000000e5af7160,0x00000000e5b00000)
  to   space 20480K, 0% used [0x00000000e6780000,0x00000000e6780000,0x00000000e7b80000)
 ParOldGen       total 115712K, used 107450K [0x00000000a0000000, 0x00000000a7100000, 0x00000000e0000000)
  object space 115712K, 92% used [0x00000000a0000000,0x00000000a68eeb18,0x00000000a7100000)
 Metaspace       used 84060K, capacity 92386K, committed 92544K, reserved 1128448K
  class space    used 10655K, capacity 12623K, committed 12672K, reserved 1048576K
Event: 10311.604 GC heap after
Heap after GC invocations=118 (full 6):
 PSYoungGen      total 98816K, used 5732K [0x00000000e0000000, 0x00000000e7780000, 0x0000000100000000)
  eden space 82432K, 0% used [0x00000000e0000000,0x00000000e0000000,0x00000000e5080000)
  from space 16384K, 34% used [0x00000000e6780000,0x00000000e6d19008,0x00000000e7780000)
  to   space 19968K, 0% used [0x00000000e5080000,0x00000000e5080000,0x00000000e6400000)
 ParOldGen       total 115712K, used 107466K [0x00000000a0000000, 0x00000000a7100000, 0x00000000e0000000)
  object space 115712K, 92% used [0x00000000a0000000,0x00000000a68f2b18,0x00000000a7100000)
 Metaspace       used 84060K, capacity 92386K, committed 92544K, reserved 1128448K
  class space    used 10655K, capacity 12623K, committed 12672K, reserved 1048576K
}
Event: 10645.819 GC heap before
{Heap before GC invocations=119 (full 6):
 PSYoungGen      total 98816K, used 88163K [0x00000000e0000000, 0x00000000e7780000, 0x0000000100000000)
  eden space 82432K, 99% used [0x00000000e0000000,0x00000000e507fd68,0x00000000e5080000)
  from space 16384K, 34% used [0x00000000e6780000,0x00000000e6d19008,0x00000000e7780000)
  to   space 19968K, 0% used [0x00000000e5080000,0x00000000e5080000,0x00000000e6400000)
 ParOldGen       total 115712K, used 107466K [0x00000000a0000000, 0x00000000a7100000, 0x00000000e0000000)
  object space 115712K, 92% used [0x00000000a0000000,0x00000000a68f2b18,0x00000000a7100000)
 Metaspace       used 84106K, capacity 92570K, committed 92800K, reserved 1130496K
  class space    used 10666K, capacity 12663K, committed 12672K, reserved 1048576K

